<?xml version="1.0" encoding="UTF-8"?>
<!-- Generated by org.testng.reporters.JUnitXMLReporter -->
<testsuite ignored="0" hostname="ws-02-10-102" failures="1" tests="1" name="Test1" time="20.929" errors="0" timestamp="2024-12-27T19:08:10 IST">
  <testcase classname="com.preston.frameworkproject01.AddRemoveItemBasketTest" name="addRemoveItem" time="17.686">
    <failure type="java.lang.AssertionError" message="expected [$45.25] but found [$45.24]">
      <![CDATA[java.lang.AssertionError: expected [$45.25] but found [$45.24]
at com.preston.frameworkproject01.AddRemoveItemBasketTest.addRemoveItem(AddRemoveItemBasketTest.java:74)
at java.base/java.util.ArrayList.forEach(ArrayList.java:1511)
... Removed 33 stack frames]]>
    </failure>
  </testcase> <!-- addRemoveItem -->
</testsuite> <!-- Test1 -->
