<?xml version="1.0" encoding="UTF-8"?>
<testng-results ignored="0" total="2" passed="2" failed="0" skipped="0">
  <reporter-output>
  </reporter-output>
  <suite started-at="2024-12-29T12:00:59 IST" name="Suite" finished-at="2024-12-29T12:02:02 IST" duration-ms="62749">
    <groups>
    </groups>
    <test started-at="2024-12-29T12:00:59 IST" name="Test1" finished-at="2024-12-29T12:01:20 IST" duration-ms="20524">
      <class name="com.preston.frameworkproject01.AddRemoveItemBasketTest">
        <test-method is-config="true" signature="setup()[pri:0, instance:com.preston.frameworkproject01.AddRemoveItemBasketTest@212b5695]" started-at="2024-12-29T12:00:59 IST" name="setup" finished-at="2024-12-29T12:01:02 IST" duration-ms="2873" status="PASS">
          <reporter-output>
          </reporter-output>
        </test-method> <!-- setup -->
        <test-method signature="addRemoveItem()[pri:0, instance:com.preston.frameworkproject01.AddRemoveItemBasketTest@212b5695]" started-at="2024-12-29T12:01:02 IST" name="addRemoveItem" finished-at="2024-12-29T12:01:19 IST" duration-ms="17412" status="PASS">
          <reporter-output>
          </reporter-output>
        </test-method> <!-- addRemoveItem -->
        <test-method is-config="true" signature="tearDown()[pri:0, instance:com.preston.frameworkproject01.AddRemoveItemBasketTest@212b5695]" started-at="2024-12-29T12:01:19 IST" name="tearDown" finished-at="2024-12-29T12:01:20 IST" duration-ms="204" status="PASS">
          <reporter-output>
          </reporter-output>
        </test-method> <!-- tearDown -->
      </class> <!-- com.preston.frameworkproject01.AddRemoveItemBasketTest -->
    </test> <!-- Test1 -->
    <test started-at="2024-12-29T12:01:20 IST" name="Test2" finished-at="2024-12-29T12:02:02 IST" duration-ms="42192">
      <class name="com.preston.frameworkproject01.OrderCompleteTest">
        <test-method is-config="true" signature="setup()[pri:0, instance:com.preston.frameworkproject01.OrderCompleteTest@6283d8b8]" started-at="2024-12-29T12:01:20 IST" name="setup" finished-at="2024-12-29T12:01:22 IST" duration-ms="2481" status="PASS">
          <reporter-output>
          </reporter-output>
        </test-method> <!-- setup -->
        <test-method signature="endToendTest()[pri:0, instance:com.preston.frameworkproject01.OrderCompleteTest@6283d8b8]" started-at="2024-12-29T12:01:22 IST" name="endToendTest" finished-at="2024-12-29T12:02:02 IST" duration-ms="39506" status="PASS">
          <reporter-output>
          </reporter-output>
        </test-method> <!-- endToendTest -->
        <test-method is-config="true" signature="tearDown()[pri:0, instance:com.preston.frameworkproject01.OrderCompleteTest@6283d8b8]" started-at="2024-12-29T12:02:02 IST" name="tearDown" finished-at="2024-12-29T12:02:02 IST" duration-ms="202" status="PASS">
          <reporter-output>
          </reporter-output>
        </test-method> <!-- tearDown -->
      </class> <!-- com.preston.frameworkproject01.OrderCompleteTest -->
    </test> <!-- Test2 -->
  </suite> <!-- Suite -->
</testng-results>
