<?xml version="1.0" encoding="UTF-8"?>
<testng-results ignored="0" total="1" passed="1" failed="0" skipped="0">
  <reporter-output>
  </reporter-output>
  <suite started-at="2024-12-30T15:00:56 IST" name="Default suite" finished-at="2024-12-30T15:01:36 IST" duration-ms="39943">
    <groups>
    </groups>
    <test started-at="2024-12-30T15:00:56 IST" name="Default test" finished-at="2024-12-30T15:01:36 IST" duration-ms="39943">
      <class name="com.preston.frameworkproject01.ShopLoginTest">
        <test-method is-config="true" signature="setup()[pri:0, instance:com.preston.frameworkproject01.ShopLoginTest@429bffaa]" started-at="2024-12-30T15:00:56 IST" name="setup" finished-at="2024-12-30T15:00:59 IST" duration-ms="2956" status="PASS">
          <reporter-output>
          </reporter-output>
        </test-method> <!-- setup -->
        <test-method signature="addRemoveItem()[pri:0, instance:com.preston.frameworkproject01.ShopLoginTest@429bffaa]" started-at="2024-12-30T15:00:59 IST" name="addRemoveItem" finished-at="2024-12-30T15:01:36 IST" duration-ms="36795" status="PASS">
          <reporter-output>
          </reporter-output>
        </test-method> <!-- addRemoveItem -->
        <test-method is-config="true" signature="tearDown()[pri:0, instance:com.preston.frameworkproject01.ShopLoginTest@429bffaa]" started-at="2024-12-30T15:01:36 IST" name="tearDown" finished-at="2024-12-30T15:01:36 IST" duration-ms="169" status="PASS">
          <reporter-output>
          </reporter-output>
        </test-method> <!-- tearDown -->
      </class> <!-- com.preston.frameworkproject01.ShopLoginTest -->
    </test> <!-- Default test -->
  </suite> <!-- Default suite -->
</testng-results>
